2020-07-20T13:30:49+00:00 CRITICAL Uncaught ArgumentCountError: Too few arguments to function wc_get_products(), 0 passed in C:\xampp\htdocs\wordpress2\wp-content\themes\quinn\views\storefront.php on line 45 and exactly 1 expected in C:\xampp\htdocs\wordpress2\wp-content\plugins\woocommerce\includes\wc-product-functions.php:28
Stack trace:
#0 C:\xampp\htdocs\wordpress2\wp-content\themes\quinn\views\storefront.php(45): wc_get_products()
#1 C:\xampp\htdocs\wordpress2\wp-includes\template-loader.php(106): include('C:\\xampp\\htdocs...')
#2 C:\xampp\htdocs\wordpress2\wp-blog-header.php(19): require_once('C:\\xampp\\htdocs...')
#3 C:\xampp\htdocs\wordpress2\index.php(17): require('C:\\xampp\\htdocs...')
#4 {main}
  thrown in C:\xampp\htdocs\wordpress2\wp-content\plugins\woocommerce\includes\wc-product-functions.php on line 28

2020-07-20T13:45:17+00:00 CRITICAL syntax error, unexpected '=>' (T_DOUBLE_ARROW) in C:\xampp\htdocs\wordpress2\wp-content\themes\quinn\views\storefront.php on line 48

2020-07-20T13:45:31+00:00 CRITICAL Uncaught Error: Call to a member function have_posts() on null in C:\xampp\htdocs\wordpress2\wp-content\themes\quinn\views\storefront.php:58
Stack trace:
#0 C:\xampp\htdocs\wordpress2\wp-includes\template-loader.php(106): include()
#1 C:\xampp\htdocs\wordpress2\wp-blog-header.php(19): require_once('C:\\xampp\\htdocs...')
#2 C:\xampp\htdocs\wordpress2\index.php(17): require('C:\\xampp\\htdocs...')
#3 {main}
  thrown in C:\xampp\htdocs\wordpress2\wp-content\themes\quinn\views\storefront.php on line 58

2020-07-20T13:54:12+00:00 CRITICAL Uncaught Error: Call to undefined method WP_Post::get_price() in C:\xampp\htdocs\wordpress2\wp-content\themes\quinn\functions.php:125
Stack trace:
#0 C:\xampp\htdocs\wordpress2\wp-content\themes\quinn\views\storefront.php(61): render_product(Object(WP_Post))
#1 C:\xampp\htdocs\wordpress2\wp-includes\template-loader.php(106): include('C:\\xampp\\htdocs...')
#2 C:\xampp\htdocs\wordpress2\wp-blog-header.php(19): require_once('C:\\xampp\\htdocs...')
#3 C:\xampp\htdocs\wordpress2\index.php(17): require('C:\\xampp\\htdocs...')
#4 {main}
  thrown in C:\xampp\htdocs\wordpress2\wp-content\themes\quinn\functions.php on line 125

2020-07-20T14:11:48+00:00 CRITICAL Uncaught Error: Call to undefined function wp_enqueu_script() in C:\xampp\htdocs\wordpress2\wp-content\themes\quinn\views\storefront.php:7
Stack trace:
#0 C:\xampp\htdocs\wordpress2\wp-includes\template-loader.php(106): include()
#1 C:\xampp\htdocs\wordpress2\wp-blog-header.php(19): require_once('C:\\xampp\\htdocs...')
#2 C:\xampp\htdocs\wordpress2\index.php(17): require('C:\\xampp\\htdocs...')
#3 {main}
  thrown in C:\xampp\htdocs\wordpress2\wp-content\themes\quinn\views\storefront.php on line 7

2020-07-20T16:15:10+00:00 CRITICAL Out of memory (allocated 8388608) (tried to allocate 20480 bytes) in C:\xampp\htdocs\wordpress2\wp-content\plugins\woocommerce\packages\woocommerce-admin\src\API\Reports\Stock\Controller.php on line 419

2020-07-20T19:01:57+00:00 CRITICAL Uncaught Error: Call to undefined function the_product() in C:\xampp\htdocs\wordpress2\wp-content\themes\quinn\woocommerce.php:6
Stack trace:
#0 C:\xampp\htdocs\wordpress2\wp-includes\template-loader.php(106): include()
#1 C:\xampp\htdocs\wordpress2\wp-blog-header.php(19): require_once('C:\\xampp\\htdocs...')
#2 C:\xampp\htdocs\wordpress2\index.php(17): require('C:\\xampp\\htdocs...')
#3 {main}
  thrown in C:\xampp\htdocs\wordpress2\wp-content\themes\quinn\woocommerce.php on line 6

2020-07-20T19:03:03+00:00 CRITICAL Uncaught Error: Call to a member function get_price() on string in C:\xampp\htdocs\wordpress2\wp-content\themes\quinn\woocommerce.php:7
Stack trace:
#0 C:\xampp\htdocs\wordpress2\wp-includes\template-loader.php(106): include()
#1 C:\xampp\htdocs\wordpress2\wp-blog-header.php(19): require_once('C:\\xampp\\htdocs...')
#2 C:\xampp\htdocs\wordpress2\index.php(17): require('C:\\xampp\\htdocs...')
#3 {main}
  thrown in C:\xampp\htdocs\wordpress2\wp-content\themes\quinn\woocommerce.php on line 7

2020-07-20T19:04:42+00:00 CRITICAL Uncaught Error: Call to a member function get_id() on string in C:\xampp\htdocs\wordpress2\wp-content\themes\quinn\woocommerce.php:6
Stack trace:
#0 C:\xampp\htdocs\wordpress2\wp-includes\template-loader.php(106): include()
#1 C:\xampp\htdocs\wordpress2\wp-blog-header.php(19): require_once('C:\\xampp\\htdocs...')
#2 C:\xampp\htdocs\wordpress2\index.php(17): require('C:\\xampp\\htdocs...')
#3 {main}
  thrown in C:\xampp\htdocs\wordpress2\wp-content\themes\quinn\woocommerce.php on line 6

2020-07-20T20:02:46+00:00 CRITICAL Uncaught Error: Cannot use object of type WC_Product_Simple as array in C:\xampp\htdocs\wordpress2\wp-content\themes\quinn\woocommerce.php:5
Stack trace:
#0 C:\xampp\htdocs\wordpress2\wp-includes\template-loader.php(106): include()
#1 C:\xampp\htdocs\wordpress2\wp-blog-header.php(19): require_once('C:\\xampp\\htdocs...')
#2 C:\xampp\htdocs\wordpress2\index.php(17): require('C:\\xampp\\htdocs...')
#3 {main}
  thrown in C:\xampp\htdocs\wordpress2\wp-content\themes\quinn\woocommerce.php on line 5

2020-07-20T20:36:23+00:00 CRITICAL Uncaught Error: Call to a member function get_gallery_image_ids() on boolean in C:\xampp\htdocs\wordpress2\wp-content\themes\quinn\woocommerce.php:18
Stack trace:
#0 C:\xampp\htdocs\wordpress2\wp-includes\template-loader.php(106): include()
#1 C:\xampp\htdocs\wordpress2\wp-blog-header.php(19): require_once('C:\\xampp\\htdocs...')
#2 C:\xampp\htdocs\wordpress2\index.php(17): require('C:\\xampp\\htdocs...')
#3 {main}
  thrown in C:\xampp\htdocs\wordpress2\wp-content\themes\quinn\woocommerce.php on line 18

2020-07-20T20:36:30+00:00 CRITICAL Uncaught Error: Call to a member function get_gallery_image_ids() on boolean in C:\xampp\htdocs\wordpress2\wp-content\themes\quinn\woocommerce.php:17
Stack trace:
#0 C:\xampp\htdocs\wordpress2\wp-includes\template-loader.php(106): include()
#1 C:\xampp\htdocs\wordpress2\wp-blog-header.php(19): require_once('C:\\xampp\\htdocs...')
#2 C:\xampp\htdocs\wordpress2\index.php(17): require('C:\\xampp\\htdocs...')
#3 {main}
  thrown in C:\xampp\htdocs\wordpress2\wp-content\themes\quinn\woocommerce.php on line 17

2020-07-20T20:36:32+00:00 CRITICAL Uncaught Error: Call to a member function get_gallery_image_ids() on boolean in C:\xampp\htdocs\wordpress2\wp-content\themes\quinn\woocommerce.php:16
Stack trace:
#0 C:\xampp\htdocs\wordpress2\wp-includes\template-loader.php(106): include()
#1 C:\xampp\htdocs\wordpress2\wp-blog-header.php(19): require_once('C:\\xampp\\htdocs...')
#2 C:\xampp\htdocs\wordpress2\index.php(17): require('C:\\xampp\\htdocs...')
#3 {main}
  thrown in C:\xampp\htdocs\wordpress2\wp-content\themes\quinn\woocommerce.php on line 16

2020-07-20T20:36:38+00:00 CRITICAL Uncaught Error: Call to a member function get_gallery_image_ids() on boolean in C:\xampp\htdocs\wordpress2\wp-content\themes\quinn\woocommerce.php:16
Stack trace:
#0 C:\xampp\htdocs\wordpress2\wp-includes\template-loader.php(106): include()
#1 C:\xampp\htdocs\wordpress2\wp-blog-header.php(19): require_once('C:\\xampp\\htdocs...')
#2 C:\xampp\htdocs\wordpress2\index.php(17): require('C:\\xampp\\htdocs...')
#3 {main}
  thrown in C:\xampp\htdocs\wordpress2\wp-content\themes\quinn\woocommerce.php on line 16

2020-07-20T20:36:39+00:00 CRITICAL Uncaught Error: Call to a member function get_gallery_image_ids() on boolean in C:\xampp\htdocs\wordpress2\wp-content\themes\quinn\woocommerce.php:16
Stack trace:
#0 C:\xampp\htdocs\wordpress2\wp-includes\template-loader.php(106): include()
#1 C:\xampp\htdocs\wordpress2\wp-blog-header.php(19): require_once('C:\\xampp\\htdocs...')
#2 C:\xampp\htdocs\wordpress2\index.php(17): require('C:\\xampp\\htdocs...')
#3 {main}
  thrown in C:\xampp\htdocs\wordpress2\wp-content\themes\quinn\woocommerce.php on line 16

2020-07-20T20:38:32+00:00 CRITICAL Out of memory (allocated 6291456) (tried to allocate 16384 bytes) in C:\xampp\htdocs\wordpress2\wp-content\plugins\woocommerce\packages\woocommerce-rest-api\src\Controllers\Version2\class-wc-rest-products-v2-controller.php on line 631

